{"name":"hexo","hostname":"ubuntu","pid":45981,"level":20,"msg":"Hexo version: \u001b[35m3.2.2\u001b[39m","time":"2016-10-05T03:09:53.545Z","v":0}
{"name":"hexo","hostname":"ubuntu","pid":45981,"level":20,"msg":"Working directory: \u001b[35m~/Blog/vmxplus.github.io/\u001b[39m","time":"2016-10-05T03:09:53.549Z","v":0}
{"name":"hexo","hostname":"ubuntu","pid":45981,"level":20,"msg":"Config loaded: \u001b[35m~/Blog/vmxplus.github.io/_config.yml\u001b[39m","time":"2016-10-05T03:09:53.726Z","v":0}
{"name":"hexo","hostname":"ubuntu","pid":45981,"level":20,"msg":"Script loaded: \u001b[35mthemes/hexo-theme-next/scripts/merge-configs.js\u001b[39m","time":"2016-10-05T03:09:53.761Z","v":0}
{"name":"hexo","hostname":"ubuntu","pid":45981,"level":20,"msg":"Script loaded: \u001b[35mthemes/hexo-theme-next/scripts/tags/center-quote.js\u001b[39m","time":"2016-10-05T03:09:53.766Z","v":0}
{"name":"hexo","hostname":"ubuntu","pid":45981,"level":20,"msg":"Script loaded: \u001b[35mthemes/hexo-theme-next/scripts/tags/full-image.js\u001b[39m","time":"2016-10-05T03:09:53.766Z","v":0}
{"name":"hexo","hostname":"ubuntu","pid":45981,"level":20,"msg":"Script loaded: \u001b[35mthemes/hexo-theme-next/scripts/tags/group-pictures.js\u001b[39m","time":"2016-10-05T03:09:53.768Z","v":0}
{"name":"hexo","hostname":"ubuntu","pid":45981,"level":20,"msg":"Plugin loaded: \u001b[35mhexo-deployer-git\u001b[39m","time":"2016-10-05T03:09:53.775Z","v":0}
{"name":"hexo","hostname":"ubuntu","pid":45981,"level":20,"msg":"Plugin loaded: \u001b[35mhexo-generator-archive\u001b[39m","time":"2016-10-05T03:09:53.782Z","v":0}
{"name":"hexo","hostname":"ubuntu","pid":45981,"level":20,"msg":"Plugin loaded: \u001b[35mhexo-generator-category\u001b[39m","time":"2016-10-05T03:09:53.785Z","v":0}
{"name":"hexo","hostname":"ubuntu","pid":45981,"level":20,"msg":"Plugin loaded: \u001b[35mhexo-generator-index\u001b[39m","time":"2016-10-05T03:09:53.793Z","v":0}
{"name":"hexo","hostname":"ubuntu","pid":45981,"level":20,"msg":"Plugin loaded: \u001b[35mhexo-generator-tag\u001b[39m","time":"2016-10-05T03:09:53.808Z","v":0}
{"name":"hexo","hostname":"ubuntu","pid":45981,"level":20,"msg":"Plugin loaded: \u001b[35mhexo-renderer-ejs\u001b[39m","time":"2016-10-05T03:09:53.824Z","v":0}
{"name":"hexo","hostname":"ubuntu","pid":45981,"level":20,"msg":"Plugin loaded: \u001b[35mhexo-renderer-marked\u001b[39m","time":"2016-10-05T03:09:53.839Z","v":0}
{"name":"hexo","hostname":"ubuntu","pid":45981,"level":20,"msg":"Plugin loaded: \u001b[35mhexo-renderer-stylus\u001b[39m","time":"2016-10-05T03:09:53.843Z","v":0}
{"name":"hexo","hostname":"ubuntu","pid":45981,"level":20,"msg":"Plugin loaded: \u001b[35mhexo-server\u001b[39m","time":"2016-10-05T03:09:54.127Z","v":0}
{"name":"hexo","hostname":"ubuntu","pid":45981,"level":20,"msg":"Loading database.","time":"2016-10-05T03:09:54.178Z","v":0}
{"name":"hexo","hostname":"ubuntu","pid":45981,"level":30,"msg":"Start processing","time":"2016-10-05T03:09:54.366Z","v":0}
{"name":"hexo","hostname":"ubuntu","pid":45981,"level":20,"msg":"Processed: \u001b[35m_posts/hello-world.md\u001b[39m","time":"2016-10-05T03:09:54.669Z","v":0}
{"name":"hexo","hostname":"ubuntu","pid":45981,"level":20,"msg":"Theme config loaded.","time":"2016-10-05T03:09:54.831Z","v":0}
{"name":"hexo","hostname":"ubuntu","pid":45981,"level":20,"msg":"Processed: \u001b[35m_config.yml\u001b[39m","time":"2016-10-05T03:09:54.838Z","v":0}
{"name":"hexo","hostname":"ubuntu","pid":45981,"level":20,"msg":"Processed: \u001b[35msource/css/main.styl\u001b[39m","time":"2016-10-05T03:09:54.841Z","v":0}
{"name":"hexo","hostname":"ubuntu","pid":45981,"level":20,"msg":"Processed: \u001b[35msource/images/avatar.gif\u001b[39m","time":"2016-10-05T03:09:54.848Z","v":0}
{"name":"hexo","hostname":"ubuntu","pid":45981,"level":20,"msg":"Processed: \u001b[35msource/images/cc-by-nc-nd.svg\u001b[39m","time":"2016-10-05T03:09:54.850Z","v":0}
{"name":"hexo","hostname":"ubuntu","pid":45981,"level":20,"msg":"Processed: \u001b[35msource/images/cc-by-nc-sa.svg\u001b[39m","time":"2016-10-05T03:09:54.852Z","v":0}
{"name":"hexo","hostname":"ubuntu","pid":45981,"level":20,"msg":"Processed: \u001b[35msource/images/cc-by-nc.svg\u001b[39m","time":"2016-10-05T03:09:54.855Z","v":0}
{"name":"hexo","hostname":"ubuntu","pid":45981,"level":20,"msg":"Processed: \u001b[35msource/images/cc-by-nd.svg\u001b[39m","time":"2016-10-05T03:09:54.869Z","v":0}
{"name":"hexo","hostname":"ubuntu","pid":45981,"level":20,"msg":"Processed: \u001b[35msource/images/cc-by-sa.svg\u001b[39m","time":"2016-10-05T03:09:54.869Z","v":0}
{"name":"hexo","hostname":"ubuntu","pid":45981,"level":20,"msg":"Processed: \u001b[35msource/images/cc-by.svg\u001b[39m","time":"2016-10-05T03:09:54.872Z","v":0}
{"name":"hexo","hostname":"ubuntu","pid":45981,"level":20,"msg":"Processed: \u001b[35msource/images/cc-zero.svg\u001b[39m","time":"2016-10-05T03:09:54.878Z","v":0}
{"name":"hexo","hostname":"ubuntu","pid":45981,"level":20,"msg":"Processed: \u001b[35msource/images/loading.gif\u001b[39m","time":"2016-10-05T03:09:54.879Z","v":0}
{"name":"hexo","hostname":"ubuntu","pid":45981,"level":20,"msg":"Processed: \u001b[35msource/images/placeholder.gif\u001b[39m","time":"2016-10-05T03:09:54.879Z","v":0}
{"name":"hexo","hostname":"ubuntu","pid":45981,"level":20,"msg":"Processed: \u001b[35msource/images/quote-l.svg\u001b[39m","time":"2016-10-05T03:09:54.880Z","v":0}
{"name":"hexo","hostname":"ubuntu","pid":45981,"level":20,"msg":"Processed: \u001b[35msource/images/quote-r.svg\u001b[39m","time":"2016-10-05T03:09:54.882Z","v":0}
{"name":"hexo","hostname":"ubuntu","pid":45981,"level":20,"msg":"Processed: \u001b[35msource/images/searchicon.png\u001b[39m","time":"2016-10-05T03:09:54.885Z","v":0}
{"name":"hexo","hostname":"ubuntu","pid":45981,"level":20,"msg":"Processed: \u001b[35mlayout/_layout.swig\u001b[39m","time":"2016-10-05T03:09:55.332Z","v":0}
{"name":"hexo","hostname":"ubuntu","pid":45981,"level":20,"msg":"Processed: \u001b[35mlayout/archive.swig\u001b[39m","time":"2016-10-05T03:09:55.332Z","v":0}
{"name":"hexo","hostname":"ubuntu","pid":45981,"level":20,"msg":"Processed: \u001b[35mlayout/category.swig\u001b[39m","time":"2016-10-05T03:09:55.332Z","v":0}
{"name":"hexo","hostname":"ubuntu","pid":45981,"level":20,"msg":"Processed: \u001b[35mlayout/index.swig\u001b[39m","time":"2016-10-05T03:09:55.332Z","v":0}
{"name":"hexo","hostname":"ubuntu","pid":45981,"level":20,"msg":"Processed: \u001b[35mlayout/page.swig\u001b[39m","time":"2016-10-05T03:09:55.332Z","v":0}
{"name":"hexo","hostname":"ubuntu","pid":45981,"level":20,"msg":"Processed: \u001b[35mlayout/post.swig\u001b[39m","time":"2016-10-05T03:09:55.332Z","v":0}
{"name":"hexo","hostname":"ubuntu","pid":45981,"level":20,"msg":"Processed: \u001b[35mlayout/tag.swig\u001b[39m","time":"2016-10-05T03:09:55.332Z","v":0}
{"name":"hexo","hostname":"ubuntu","pid":45981,"level":20,"msg":"Processed: \u001b[35mlanguages/de.yml\u001b[39m","time":"2016-10-05T03:09:55.374Z","v":0}
{"name":"hexo","hostname":"ubuntu","pid":45981,"level":20,"msg":"Processed: \u001b[35mlanguages/default.yml\u001b[39m","time":"2016-10-05T03:09:55.374Z","v":0}
{"name":"hexo","hostname":"ubuntu","pid":45981,"level":20,"msg":"Processed: \u001b[35mlanguages/en.yml\u001b[39m","time":"2016-10-05T03:09:55.374Z","v":0}
{"name":"hexo","hostname":"ubuntu","pid":45981,"level":20,"msg":"Processed: \u001b[35mlanguages/fr-FR.yml\u001b[39m","time":"2016-10-05T03:09:55.375Z","v":0}
{"name":"hexo","hostname":"ubuntu","pid":45981,"level":20,"msg":"Processed: \u001b[35mlanguages/id.yml\u001b[39m","time":"2016-10-05T03:09:55.375Z","v":0}
{"name":"hexo","hostname":"ubuntu","pid":45981,"level":20,"msg":"Processed: \u001b[35mlanguages/ja.yml\u001b[39m","time":"2016-10-05T03:09:55.375Z","v":0}
{"name":"hexo","hostname":"ubuntu","pid":45981,"level":20,"msg":"Processed: \u001b[35mlanguages/ko.yml\u001b[39m","time":"2016-10-05T03:09:55.375Z","v":0}
{"name":"hexo","hostname":"ubuntu","pid":45981,"level":20,"msg":"Processed: \u001b[35mlanguages/pt-BR.yml\u001b[39m","time":"2016-10-05T03:09:55.375Z","v":0}
{"name":"hexo","hostname":"ubuntu","pid":45981,"level":20,"msg":"Processed: \u001b[35mlanguages/pt.yml\u001b[39m","time":"2016-10-05T03:09:55.380Z","v":0}
{"name":"hexo","hostname":"ubuntu","pid":45981,"level":20,"msg":"Processed: \u001b[35mlanguages/ru.yml\u001b[39m","time":"2016-10-05T03:09:55.380Z","v":0}
{"name":"hexo","hostname":"ubuntu","pid":45981,"level":20,"msg":"Processed: \u001b[35mlanguages/zh-Hans.yml\u001b[39m","time":"2016-10-05T03:09:55.380Z","v":0}
{"name":"hexo","hostname":"ubuntu","pid":45981,"level":20,"msg":"Processed: \u001b[35mlanguages/zh-hk.yml\u001b[39m","time":"2016-10-05T03:09:55.381Z","v":0}
{"name":"hexo","hostname":"ubuntu","pid":45981,"level":20,"msg":"Processed: \u001b[35mlanguages/zh-tw.yml\u001b[39m","time":"2016-10-05T03:09:55.381Z","v":0}
{"name":"hexo","hostname":"ubuntu","pid":45981,"level":20,"msg":"Processed: \u001b[35msource/js/src/affix.js\u001b[39m","time":"2016-10-05T03:09:55.381Z","v":0}
{"name":"hexo","hostname":"ubuntu","pid":45981,"level":20,"msg":"Processed: \u001b[35msource/js/src/bootstrap.js\u001b[39m","time":"2016-10-05T03:09:55.382Z","v":0}
{"name":"hexo","hostname":"ubuntu","pid":45981,"level":20,"msg":"Processed: \u001b[35msource/js/src/hook-duoshuo.js\u001b[39m","time":"2016-10-05T03:09:55.382Z","v":0}
{"name":"hexo","hostname":"ubuntu","pid":45981,"level":20,"msg":"Processed: \u001b[35msource/js/src/motion.js\u001b[39m","time":"2016-10-05T03:09:55.382Z","v":0}
{"name":"hexo","hostname":"ubuntu","pid":45981,"level":20,"msg":"Processed: \u001b[35msource/js/src/post-details.js\u001b[39m","time":"2016-10-05T03:09:55.383Z","v":0}
{"name":"hexo","hostname":"ubuntu","pid":45981,"level":20,"msg":"Processed: \u001b[35msource/js/src/scrollspy.js\u001b[39m","time":"2016-10-05T03:09:55.383Z","v":0}
{"name":"hexo","hostname":"ubuntu","pid":45981,"level":20,"msg":"Processed: \u001b[35msource/js/src/utils.js\u001b[39m","time":"2016-10-05T03:09:55.383Z","v":0}
{"name":"hexo","hostname":"ubuntu","pid":45981,"level":20,"msg":"Processed: \u001b[35msource/vendors/fastclick/LICENSE\u001b[39m","time":"2016-10-05T03:09:55.383Z","v":0}
{"name":"hexo","hostname":"ubuntu","pid":45981,"level":20,"msg":"Processed: \u001b[35msource/vendors/fastclick/README.md\u001b[39m","time":"2016-10-05T03:09:55.387Z","v":0}
{"name":"hexo","hostname":"ubuntu","pid":45981,"level":20,"msg":"Processed: \u001b[35msource/vendors/fastclick/bower.json\u001b[39m","time":"2016-10-05T03:09:55.390Z","v":0}
{"name":"hexo","hostname":"ubuntu","pid":45981,"level":20,"msg":"Processed: \u001b[35msource/vendors/font-awesome/HELP-US-OUT.txt\u001b[39m","time":"2016-10-05T03:09:55.390Z","v":0}
{"name":"hexo","hostname":"ubuntu","pid":45981,"level":20,"msg":"Processed: \u001b[35msource/vendors/font-awesome/bower.json\u001b[39m","time":"2016-10-05T03:09:55.391Z","v":0}
{"name":"hexo","hostname":"ubuntu","pid":45981,"level":20,"msg":"Processed: \u001b[35msource/vendors/jquery_lazyload/CONTRIBUTING.md\u001b[39m","time":"2016-10-05T03:09:55.400Z","v":0}
{"name":"hexo","hostname":"ubuntu","pid":45981,"level":20,"msg":"Processed: \u001b[35msource/vendors/jquery_lazyload/README.md\u001b[39m","time":"2016-10-05T03:09:55.402Z","v":0}
{"name":"hexo","hostname":"ubuntu","pid":45981,"level":20,"msg":"Processed: \u001b[35msource/vendors/jquery_lazyload/bower.json\u001b[39m","time":"2016-10-05T03:09:55.404Z","v":0}
{"name":"hexo","hostname":"ubuntu","pid":45981,"level":20,"msg":"Processed: \u001b[35msource/vendors/jquery_lazyload/jquery.lazyload.js\u001b[39m","time":"2016-10-05T03:09:55.405Z","v":0}
{"name":"hexo","hostname":"ubuntu","pid":45981,"level":20,"msg":"Processed: \u001b[35msource/vendors/jquery_lazyload/jquery.scrollstop.js\u001b[39m","time":"2016-10-05T03:09:55.405Z","v":0}
{"name":"hexo","hostname":"ubuntu","pid":45981,"level":20,"msg":"Processed: \u001b[35msource/vendors/velocity/bower.json\u001b[39m","time":"2016-10-05T03:09:55.407Z","v":0}
{"name":"hexo","hostname":"ubuntu","pid":45981,"level":20,"msg":"Processed: \u001b[35msource/vendors/velocity/velocity.min.js\u001b[39m","time":"2016-10-05T03:09:55.414Z","v":0}
{"name":"hexo","hostname":"ubuntu","pid":45981,"level":20,"msg":"Processed: \u001b[35msource/vendors/velocity/velocity.ui.js\u001b[39m","time":"2016-10-05T03:09:55.419Z","v":0}
{"name":"hexo","hostname":"ubuntu","pid":45981,"level":20,"msg":"Processed: \u001b[35msource/vendors/velocity/velocity.ui.min.js\u001b[39m","time":"2016-10-05T03:09:55.420Z","v":0}
{"name":"hexo","hostname":"ubuntu","pid":45981,"level":20,"msg":"Processed: \u001b[35msource/vendors/jquery/index.js\u001b[39m","time":"2016-10-05T03:09:55.472Z","v":0}
{"name":"hexo","hostname":"ubuntu","pid":45981,"level":20,"msg":"Processed: \u001b[35mlayout/_macro/post-collapse.swig\u001b[39m","time":"2016-10-05T03:09:55.608Z","v":0}
{"name":"hexo","hostname":"ubuntu","pid":45981,"level":20,"msg":"Processed: \u001b[35mlayout/_macro/post.swig\u001b[39m","time":"2016-10-05T03:09:55.609Z","v":0}
{"name":"hexo","hostname":"ubuntu","pid":45981,"level":20,"msg":"Processed: \u001b[35mlayout/_macro/reward.swig\u001b[39m","time":"2016-10-05T03:09:55.609Z","v":0}
{"name":"hexo","hostname":"ubuntu","pid":45981,"level":20,"msg":"Processed: \u001b[35mlayout/_macro/sidebar.swig\u001b[39m","time":"2016-10-05T03:09:55.609Z","v":0}
{"name":"hexo","hostname":"ubuntu","pid":45981,"level":20,"msg":"Processed: \u001b[35mlayout/_macro/wechat-subscriber.swig\u001b[39m","time":"2016-10-05T03:09:55.610Z","v":0}
{"name":"hexo","hostname":"ubuntu","pid":45981,"level":20,"msg":"Processed: \u001b[35mlayout/_partials/comments.swig\u001b[39m","time":"2016-10-05T03:09:55.612Z","v":0}
{"name":"hexo","hostname":"ubuntu","pid":45981,"level":20,"msg":"Processed: \u001b[35mlayout/_partials/duoshuo-hot-articles.swig\u001b[39m","time":"2016-10-05T03:09:55.613Z","v":0}
{"name":"hexo","hostname":"ubuntu","pid":45981,"level":20,"msg":"Processed: \u001b[35mlayout/_partials/footer.swig\u001b[39m","time":"2016-10-05T03:09:55.614Z","v":0}
{"name":"hexo","hostname":"ubuntu","pid":45981,"level":20,"msg":"Processed: \u001b[35mlayout/_partials/head.swig\u001b[39m","time":"2016-10-05T03:09:55.614Z","v":0}
{"name":"hexo","hostname":"ubuntu","pid":45981,"level":20,"msg":"Processed: \u001b[35mlayout/_partials/header.swig\u001b[39m","time":"2016-10-05T03:09:55.614Z","v":0}
{"name":"hexo","hostname":"ubuntu","pid":45981,"level":20,"msg":"Processed: \u001b[35mlayout/_partials/pagination.swig\u001b[39m","time":"2016-10-05T03:09:55.614Z","v":0}
{"name":"hexo","hostname":"ubuntu","pid":45981,"level":20,"msg":"Processed: \u001b[35mlayout/_partials/search.swig\u001b[39m","time":"2016-10-05T03:09:55.614Z","v":0}
{"name":"hexo","hostname":"ubuntu","pid":45981,"level":20,"msg":"Processed: \u001b[35mlayout/_scripts/baidu-push.swig\u001b[39m","time":"2016-10-05T03:09:55.614Z","v":0}
{"name":"hexo","hostname":"ubuntu","pid":45981,"level":20,"msg":"Processed: \u001b[35mlayout/_scripts/boostrap.swig\u001b[39m","time":"2016-10-05T03:09:55.615Z","v":0}
{"name":"hexo","hostname":"ubuntu","pid":45981,"level":20,"msg":"Processed: \u001b[35mlayout/_scripts/commons.swig\u001b[39m","time":"2016-10-05T03:09:55.615Z","v":0}
{"name":"hexo","hostname":"ubuntu","pid":45981,"level":20,"msg":"Processed: \u001b[35mlayout/_scripts/vendors.swig\u001b[39m","time":"2016-10-05T03:09:55.615Z","v":0}
{"name":"hexo","hostname":"ubuntu","pid":45981,"level":20,"msg":"Processed: \u001b[35msource/js/src/schemes/pisces.js\u001b[39m","time":"2016-10-05T03:09:55.632Z","v":0}
{"name":"hexo","hostname":"ubuntu","pid":45981,"level":20,"msg":"Processed: \u001b[35msource/vendors/fancybox/source/blank.gif\u001b[39m","time":"2016-10-05T03:09:55.648Z","v":0}
{"name":"hexo","hostname":"ubuntu","pid":45981,"level":20,"msg":"Processed: \u001b[35msource/vendors/fancybox/source/fancybox_loading.gif\u001b[39m","time":"2016-10-05T03:09:55.649Z","v":0}
{"name":"hexo","hostname":"ubuntu","pid":45981,"level":20,"msg":"Processed: \u001b[35msource/vendors/fancybox/source/fancybox_loading@2x.gif\u001b[39m","time":"2016-10-05T03:09:55.649Z","v":0}
{"name":"hexo","hostname":"ubuntu","pid":45981,"level":20,"msg":"Processed: \u001b[35msource/vendors/fancybox/source/fancybox_overlay.png\u001b[39m","time":"2016-10-05T03:09:55.649Z","v":0}
{"name":"hexo","hostname":"ubuntu","pid":45981,"level":20,"msg":"Processed: \u001b[35msource/vendors/fancybox/source/fancybox_sprite.png\u001b[39m","time":"2016-10-05T03:09:55.650Z","v":0}
{"name":"hexo","hostname":"ubuntu","pid":45981,"level":20,"msg":"Processed: \u001b[35msource/vendors/fancybox/source/fancybox_sprite@2x.png\u001b[39m","time":"2016-10-05T03:09:55.650Z","v":0}
{"name":"hexo","hostname":"ubuntu","pid":45981,"level":20,"msg":"Processed: \u001b[35msource/vendors/fancybox/source/jquery.fancybox.css\u001b[39m","time":"2016-10-05T03:09:55.650Z","v":0}
{"name":"hexo","hostname":"ubuntu","pid":45981,"level":20,"msg":"Processed: \u001b[35msource/vendors/fancybox/source/jquery.fancybox.js\u001b[39m","time":"2016-10-05T03:09:55.650Z","v":0}
{"name":"hexo","hostname":"ubuntu","pid":45981,"level":20,"msg":"Processed: \u001b[35msource/vendors/fancybox/source/jquery.fancybox.pack.js\u001b[39m","time":"2016-10-05T03:09:55.651Z","v":0}
{"name":"hexo","hostname":"ubuntu","pid":45981,"level":20,"msg":"Processed: \u001b[35msource/vendors/fastclick/lib/fastclick.js\u001b[39m","time":"2016-10-05T03:09:55.651Z","v":0}
{"name":"hexo","hostname":"ubuntu","pid":45981,"level":20,"msg":"Processed: \u001b[35msource/vendors/fastclick/lib/fastclick.min.js\u001b[39m","time":"2016-10-05T03:09:55.651Z","v":0}
{"name":"hexo","hostname":"ubuntu","pid":45981,"level":20,"msg":"Processed: \u001b[35msource/vendors/font-awesome/css/font-awesome.css\u001b[39m","time":"2016-10-05T03:09:55.656Z","v":0}
{"name":"hexo","hostname":"ubuntu","pid":45981,"level":20,"msg":"Processed: \u001b[35msource/vendors/font-awesome/css/font-awesome.css.map\u001b[39m","time":"2016-10-05T03:09:55.657Z","v":0}
{"name":"hexo","hostname":"ubuntu","pid":45981,"level":20,"msg":"Processed: \u001b[35msource/vendors/font-awesome/css/font-awesome.min.css\u001b[39m","time":"2016-10-05T03:09:55.657Z","v":0}
{"name":"hexo","hostname":"ubuntu","pid":45981,"level":20,"msg":"Processed: \u001b[35msource/vendors/font-awesome/fonts/fontawesome-webfont.woff2\u001b[39m","time":"2016-10-05T03:09:55.657Z","v":0}
{"name":"hexo","hostname":"ubuntu","pid":45981,"level":20,"msg":"Processed: \u001b[35msource/vendors/ua-parser-js/dist/ua-parser.min.js\u001b[39m","time":"2016-10-05T03:09:55.657Z","v":0}
{"name":"hexo","hostname":"ubuntu","pid":45981,"level":20,"msg":"Processed: \u001b[35msource/vendors/ua-parser-js/dist/ua-parser.pack.js\u001b[39m","time":"2016-10-05T03:09:55.657Z","v":0}
{"name":"hexo","hostname":"ubuntu","pid":45981,"level":20,"msg":"Processed: \u001b[35mlayout/_scripts/schemes/mist.swig\u001b[39m","time":"2016-10-05T03:09:55.668Z","v":0}
{"name":"hexo","hostname":"ubuntu","pid":45981,"level":20,"msg":"Processed: \u001b[35mlayout/_scripts/schemes/muse.swig\u001b[39m","time":"2016-10-05T03:09:55.669Z","v":0}
{"name":"hexo","hostname":"ubuntu","pid":45981,"level":20,"msg":"Processed: \u001b[35msource/vendors/font-awesome/fonts/FontAwesome.otf\u001b[39m","time":"2016-10-05T03:09:55.671Z","v":0}
{"name":"hexo","hostname":"ubuntu","pid":45981,"level":20,"msg":"Processed: \u001b[35msource/vendors/font-awesome/fonts/fontawesome-webfont.eot\u001b[39m","time":"2016-10-05T03:09:55.672Z","v":0}
{"name":"hexo","hostname":"ubuntu","pid":45981,"level":20,"msg":"Processed: \u001b[35msource/vendors/font-awesome/fonts/fontawesome-webfont.woff\u001b[39m","time":"2016-10-05T03:09:55.672Z","v":0}
{"name":"hexo","hostname":"ubuntu","pid":45981,"level":20,"msg":"Processed: \u001b[35msource/vendors/velocity/velocity.js\u001b[39m","time":"2016-10-05T03:09:55.672Z","v":0}
{"name":"hexo","hostname":"ubuntu","pid":45981,"level":20,"msg":"Processed: \u001b[35mlayout/_partials/head/external-fonts.swig\u001b[39m","time":"2016-10-05T03:09:55.719Z","v":0}
{"name":"hexo","hostname":"ubuntu","pid":45981,"level":20,"msg":"Processed: \u001b[35mlayout/_partials/search/localsearch.swig\u001b[39m","time":"2016-10-05T03:09:55.722Z","v":0}
{"name":"hexo","hostname":"ubuntu","pid":45981,"level":20,"msg":"Processed: \u001b[35mlayout/_partials/search/swiftype.swig\u001b[39m","time":"2016-10-05T03:09:55.722Z","v":0}
{"name":"hexo","hostname":"ubuntu","pid":45981,"level":20,"msg":"Processed: \u001b[35mlayout/_partials/search/tinysou.swig\u001b[39m","time":"2016-10-05T03:09:55.722Z","v":0}
{"name":"hexo","hostname":"ubuntu","pid":45981,"level":20,"msg":"Processed: \u001b[35mlayout/_partials/share/add-this.swig\u001b[39m","time":"2016-10-05T03:09:55.722Z","v":0}
{"name":"hexo","hostname":"ubuntu","pid":45981,"level":20,"msg":"Processed: \u001b[35mlayout/_partials/share/baidushare.swig\u001b[39m","time":"2016-10-05T03:09:55.722Z","v":0}
{"name":"hexo","hostname":"ubuntu","pid":45981,"level":20,"msg":"Processed: \u001b[35mlayout/_partials/share/duoshuo_share.swig\u001b[39m","time":"2016-10-05T03:09:55.723Z","v":0}
{"name":"hexo","hostname":"ubuntu","pid":45981,"level":20,"msg":"Processed: \u001b[35mlayout/_partials/share/jiathis.swig\u001b[39m","time":"2016-10-05T03:09:55.723Z","v":0}
{"name":"hexo","hostname":"ubuntu","pid":45981,"level":20,"msg":"Processed: \u001b[35mlayout/_scripts/pages/post-details.swig\u001b[39m","time":"2016-10-05T03:09:55.723Z","v":0}
{"name":"hexo","hostname":"ubuntu","pid":45981,"level":20,"msg":"Processed: \u001b[35mlayout/_scripts/schemes/pisces.swig\u001b[39m","time":"2016-10-05T03:09:55.723Z","v":0}
{"name":"hexo","hostname":"ubuntu","pid":45981,"level":20,"msg":"Processed: \u001b[35mlayout/_scripts/third-party/analytics.swig\u001b[39m","time":"2016-10-05T03:09:55.723Z","v":0}
{"name":"hexo","hostname":"ubuntu","pid":45981,"level":20,"msg":"Processed: \u001b[35mlayout/_scripts/third-party/comments.swig\u001b[39m","time":"2016-10-05T03:09:55.723Z","v":0}
{"name":"hexo","hostname":"ubuntu","pid":45981,"level":20,"msg":"Processed: \u001b[35mlayout/_scripts/third-party/lean-analytics.swig\u001b[39m","time":"2016-10-05T03:09:55.724Z","v":0}
{"name":"hexo","hostname":"ubuntu","pid":45981,"level":20,"msg":"Processed: \u001b[35mlayout/_scripts/third-party/localsearch.swig\u001b[39m","time":"2016-10-05T03:09:55.724Z","v":0}
{"name":"hexo","hostname":"ubuntu","pid":45981,"level":20,"msg":"Processed: \u001b[35mlayout/_scripts/third-party/mathjax.swig\u001b[39m","time":"2016-10-05T03:09:55.724Z","v":0}
{"name":"hexo","hostname":"ubuntu","pid":45981,"level":20,"msg":"Processed: \u001b[35mlayout/_scripts/third-party/tinysou.swig\u001b[39m","time":"2016-10-05T03:09:55.726Z","v":0}
{"name":"hexo","hostname":"ubuntu","pid":45981,"level":20,"msg":"Processed: \u001b[35msource/vendors/fancybox/source/helpers/fancybox_buttons.png\u001b[39m","time":"2016-10-05T03:09:55.731Z","v":0}
{"name":"hexo","hostname":"ubuntu","pid":45981,"level":20,"msg":"Processed: \u001b[35msource/vendors/fancybox/source/helpers/jquery.fancybox-buttons.css\u001b[39m","time":"2016-10-05T03:09:55.746Z","v":0}
{"name":"hexo","hostname":"ubuntu","pid":45981,"level":20,"msg":"Processed: \u001b[35msource/vendors/fancybox/source/helpers/jquery.fancybox-buttons.js\u001b[39m","time":"2016-10-05T03:09:55.747Z","v":0}
{"name":"hexo","hostname":"ubuntu","pid":45981,"level":20,"msg":"Processed: \u001b[35msource/vendors/fancybox/source/helpers/jquery.fancybox-media.js\u001b[39m","time":"2016-10-05T03:09:55.748Z","v":0}
{"name":"hexo","hostname":"ubuntu","pid":45981,"level":20,"msg":"Processed: \u001b[35msource/vendors/fancybox/source/helpers/jquery.fancybox-thumbs.css\u001b[39m","time":"2016-10-05T03:09:55.751Z","v":0}
{"name":"hexo","hostname":"ubuntu","pid":45981,"level":20,"msg":"Processed: \u001b[35msource/vendors/fancybox/source/helpers/jquery.fancybox-thumbs.js\u001b[39m","time":"2016-10-05T03:09:55.760Z","v":0}
{"name":"hexo","hostname":"ubuntu","pid":45981,"level":20,"msg":"Processed: \u001b[35msource/vendors/font-awesome/fonts/fontawesome-webfont.ttf\u001b[39m","time":"2016-10-05T03:09:55.773Z","v":0}
{"name":"hexo","hostname":"ubuntu","pid":45981,"level":20,"msg":"Processed: \u001b[35mlayout/_scripts/third-party/analytics/baidu-analytics.swig\u001b[39m","time":"2016-10-05T03:09:55.825Z","v":0}
{"name":"hexo","hostname":"ubuntu","pid":45981,"level":20,"msg":"Processed: \u001b[35mlayout/_scripts/third-party/analytics/busuanzi-counter.swig\u001b[39m","time":"2016-10-05T03:09:55.828Z","v":0}
{"name":"hexo","hostname":"ubuntu","pid":45981,"level":20,"msg":"Processed: \u001b[35mlayout/_scripts/third-party/analytics/cnzz-analytics.swig\u001b[39m","time":"2016-10-05T03:09:55.829Z","v":0}
{"name":"hexo","hostname":"ubuntu","pid":45981,"level":20,"msg":"Processed: \u001b[35mlayout/_scripts/third-party/analytics/facebook-sdk.swig\u001b[39m","time":"2016-10-05T03:09:55.829Z","v":0}
{"name":"hexo","hostname":"ubuntu","pid":45981,"level":20,"msg":"Processed: \u001b[35mlayout/_scripts/third-party/analytics/google-analytics.swig\u001b[39m","time":"2016-10-05T03:09:55.830Z","v":0}
{"name":"hexo","hostname":"ubuntu","pid":45981,"level":20,"msg":"Processed: \u001b[35mlayout/_scripts/third-party/analytics/tencent-analytics.swig\u001b[39m","time":"2016-10-05T03:09:55.830Z","v":0}
{"name":"hexo","hostname":"ubuntu","pid":45981,"level":20,"msg":"Processed: \u001b[35mlayout/_scripts/third-party/comments/disqus.swig\u001b[39m","time":"2016-10-05T03:09:55.830Z","v":0}
{"name":"hexo","hostname":"ubuntu","pid":45981,"level":20,"msg":"Processed: \u001b[35mlayout/_scripts/third-party/comments/duoshuo.swig\u001b[39m","time":"2016-10-05T03:09:55.830Z","v":0}
{"name":"hexo","hostname":"ubuntu","pid":45981,"level":20,"msg":"Processed: \u001b[35msource/vendors/font-awesome/fonts/fontawesome-webfont.svg\u001b[39m","time":"2016-10-05T03:09:55.869Z","v":0}
{"name":"hexo","hostname":"ubuntu","pid":45981,"level":20,"msg":"Generator: \u001b[35mpage\u001b[39m","time":"2016-10-05T03:09:56.185Z","v":0}
{"name":"hexo","hostname":"ubuntu","pid":45981,"level":20,"msg":"Generator: \u001b[35mpost\u001b[39m","time":"2016-10-05T03:09:56.185Z","v":0}
{"name":"hexo","hostname":"ubuntu","pid":45981,"level":20,"msg":"Generator: \u001b[35marchive\u001b[39m","time":"2016-10-05T03:09:56.185Z","v":0}
{"name":"hexo","hostname":"ubuntu","pid":45981,"level":20,"msg":"Generator: \u001b[35mcategory\u001b[39m","time":"2016-10-05T03:09:56.185Z","v":0}
{"name":"hexo","hostname":"ubuntu","pid":45981,"level":20,"msg":"Generator: \u001b[35mindex\u001b[39m","time":"2016-10-05T03:09:56.185Z","v":0}
{"name":"hexo","hostname":"ubuntu","pid":45981,"level":20,"msg":"Generator: \u001b[35mtag\u001b[39m","time":"2016-10-05T03:09:56.185Z","v":0}
{"name":"hexo","hostname":"ubuntu","pid":45981,"level":20,"msg":"Generator: \u001b[35masset\u001b[39m","time":"2016-10-05T03:09:56.188Z","v":0}
{"name":"hexo","hostname":"ubuntu","pid":45981,"level":30,"msg":"Hexo is running at \u001b[4mhttp://localhost:4000/\u001b[24m. Press Ctrl+C to stop.","time":"2016-10-05T03:09:56.194Z","v":0}
{"name":"hexo","hostname":"ubuntu","pid":45981,"level":20,"msg":"Database saved","time":"2016-10-05T03:09:56.239Z","v":0}
{"name":"hexo","hostname":"ubuntu","pid":45981,"level":30,"msg":"Catch you later","time":"2016-10-05T03:10:18.837Z","v":0}
{"name":"hexo","hostname":"ubuntu","pid":45981,"level":20,"msg":"Database saved","time":"2016-10-05T03:10:18.992Z","v":0}
